  Button.cpp
C:\Users\wolph\source\repos\LA-Controller\LA-Controller\Packages\LA-Controller\Identification.h(12,15): warning C4251: « la::Identification::name ’ : « std::basic_string<char,std::char_traits<char>,std::allocator<char>> » doit avoir dll-interface pour être utilisé par les clients de « la::Identification »
  (compiler le fichier source '/Button.cpp')
      C:\Program Files\Microsoft Visual Studio\2022\Community\VC\Tools\MSVC\14.44.35207\include\xstring(541,7):
      voir la déclaration de 'std::basic_string<char,std::char_traits<char>,std::allocator<char>>'
  
C:\Users\wolph\source\repos\LA-Controller\LA-Controller\Packages\LA-Controller\Controller.h(85,21): warning C4251: « la::Controller::isVibrating ’ : « std::atomic<bool> » doit avoir dll-interface pour être utilisé par les clients de « la::Controller »
  (compiler le fichier source '/Button.cpp')
      C:\Program Files\Microsoft Visual Studio\2022\Community\VC\Tools\MSVC\14.44.35207\include\atomic(2131,8):
      voir la déclaration de 'std::atomic<bool>'
  
C:\Users\wolph\source\repos\LA-Controller\LA-Controller\Packages\LA-Controller\Controller.h(86,15): warning C4251: « la::Controller::vibrationThread ’ : « std::thread » doit avoir dll-interface pour être utilisé par les clients de « la::Controller »
  (compiler le fichier source '/Button.cpp')
      C:\Program Files\Microsoft Visual Studio\2022\Community\VC\Tools\MSVC\14.44.35207\include\thread(42,19):
      voir la déclaration de 'std::thread'
  
C:\Users\wolph\source\repos\LA-Controller\LA-Controller\LA-Controller\Button.cpp(6,13): warning C4273: 'la::Button::Button' : liaison DLL incohérente
  (compiler le fichier source '/Button.cpp')
      C:\Users\wolph\source\repos\LA-Controller\LA-Controller\Packages\LA-Controller\Button.h(26,9):
      voir la définition précédente de « la::Button::Button »
  
C:\Users\wolph\source\repos\LA-Controller\LA-Controller\LA-Controller\Button.cpp(13,18): warning C4273: 'la::Button::isPressed' : liaison DLL incohérente
  (compiler le fichier source '/Button.cpp')
      C:\Users\wolph\source\repos\LA-Controller\LA-Controller\Packages\LA-Controller\Button.h(31,28):
      voir la définition précédente de « la::Button::isPressed »
  
C:\Users\wolph\source\repos\LA-Controller\LA-Controller\LA-Controller\Button.cpp(28,18): warning C4273: 'la::Button::isPressed' : liaison DLL incohérente
  (compiler le fichier source '/Button.cpp')
      C:\Users\wolph\source\repos\LA-Controller\LA-Controller\Packages\LA-Controller\Button.h(32,28):
      voir la définition précédente de « la::Button::isPressed »
  
C:\Users\wolph\source\repos\LA-Controller\LA-Controller\LA-Controller\Button.cpp(43,18): warning C4273: 'la::Button::updateButtonStates' : liaison DLL incohérente
  (compiler le fichier source '/Button.cpp')
      C:\Users\wolph\source\repos\LA-Controller\LA-Controller\Packages\LA-Controller\Button.h(35,14):
      voir la définition précédente de « la::Button::updateButtonStates »
  
C:\Users\wolph\source\repos\LA-Controller\LA-Controller\LA-Controller\Button.cpp(56,18): warning C4273: 'la::Button::readHIDButtonData' : liaison DLL incohérente
  (compiler le fichier source '/Button.cpp')
      C:\Users\wolph\source\repos\LA-Controller\LA-Controller\Packages\LA-Controller\Button.h(20,14):
      voir la définition précédente de « la::Button::readHIDButtonData »
  
  Controller.cpp
C:\Users\wolph\source\repos\LA-Controller\LA-Controller\Packages\LA-Controller\Identification.h(12,15): warning C4251: « la::Identification::name ’ : « std::basic_string<char,std::char_traits<char>,std::allocator<char>> » doit avoir dll-interface pour être utilisé par les clients de « la::Identification »
  (compiler le fichier source '/Controller.cpp')
      C:\Program Files\Microsoft Visual Studio\2022\Community\VC\Tools\MSVC\14.44.35207\include\xstring(541,7):
      voir la déclaration de 'std::basic_string<char,std::char_traits<char>,std::allocator<char>>'
  
C:\Users\wolph\source\repos\LA-Controller\LA-Controller\Packages\LA-Controller\Controller.h(85,21): warning C4251: « la::Controller::isVibrating ’ : « std::atomic<bool> » doit avoir dll-interface pour être utilisé par les clients de « la::Controller »
  (compiler le fichier source '/Controller.cpp')
      C:\Program Files\Microsoft Visual Studio\2022\Community\VC\Tools\MSVC\14.44.35207\include\atomic(2131,8):
      voir la déclaration de 'std::atomic<bool>'
  
C:\Users\wolph\source\repos\LA-Controller\LA-Controller\Packages\LA-Controller\Controller.h(86,15): warning C4251: « la::Controller::vibrationThread ’ : « std::thread » doit avoir dll-interface pour être utilisé par les clients de « la::Controller »
  (compiler le fichier source '/Controller.cpp')
      C:\Program Files\Microsoft Visual Studio\2022\Community\VC\Tools\MSVC\14.44.35207\include\thread(42,19):
      voir la déclaration de 'std::thread'
  
C:\Users\wolph\source\repos\LA-Controller\LA-Controller\LA-Controller\Controller.cpp(9,9): warning C4273: 'la::Init' : liaison DLL incohérente
  (compiler le fichier source '/Controller.cpp')
      C:\Users\wolph\source\repos\LA-Controller\LA-Controller\Packages\LA-Controller\Controller.h(24,24):
      voir la définition précédente de « la::Init »
  
C:\Users\wolph\source\repos\LA-Controller\LA-Controller\LA-Controller\Controller.cpp(13,17): warning C4273: 'la::Controller::Controller' : liaison DLL incohérente
  (compiler le fichier source '/Controller.cpp')
      C:\Users\wolph\source\repos\LA-Controller\LA-Controller\Packages\LA-Controller\Controller.h(90,3):
      voir la définition précédente de « la::Controller::Controller »
  
C:\Users\wolph\source\repos\LA-Controller\LA-Controller\LA-Controller\Controller.cpp(22,18): warning C4273: 'la::Controller::~Controller' : liaison DLL incohérente
  (compiler le fichier source '/Controller.cpp')
      C:\Users\wolph\source\repos\LA-Controller\LA-Controller\Packages\LA-Controller\Controller.h(91,4):
      voir la définition précédente de « la::Controller::~Controller »
  
C:\Users\wolph\source\repos\LA-Controller\LA-Controller\LA-Controller\Controller.cpp(27,29): warning C4273: 'la::Controller::getControllerName' : liaison DLL incohérente
  (compiler le fichier source '/Controller.cpp')
      C:\Users\wolph\source\repos\LA-Controller\LA-Controller\Packages\LA-Controller\Controller.h(99,15):
      voir la définition précédente de « la::Controller::getControllerName »
  
C:\Users\wolph\source\repos\LA-Controller\LA-Controller\LA-Controller\Controller.cpp(31,30): warning C4273: 'la::Controller::getVendorID' : liaison DLL incohérente
  (compiler le fichier source '/Controller.cpp')
      C:\Users\wolph\source\repos\LA-Controller\LA-Controller\Packages\LA-Controller\Controller.h(100,16):
      voir la définition précédente de « la::Controller::getVendorID »
  
C:\Users\wolph\source\repos\LA-Controller\LA-Controller\LA-Controller\Controller.cpp(35,30): warning C4273: 'la::Controller::getProductID' : liaison DLL incohérente
  (compiler le fichier source '/Controller.cpp')
      C:\Users\wolph\source\repos\LA-Controller\LA-Controller\Packages\LA-Controller\Controller.h(101,16):
      voir la définition précédente de « la::Controller::getProductID »
  
C:\Users\wolph\source\repos\LA-Controller\LA-Controller\LA-Controller\Controller.cpp(39,32): warning C4273: 'la::Controller::getSerialNumber' : liaison DLL incohérente
  (compiler le fichier source '/Controller.cpp')
      C:\Users\wolph\source\repos\LA-Controller\LA-Controller\Packages\LA-Controller\Controller.h(102,18):
      voir la définition précédente de « la::Controller::getSerialNumber »
  
C:\Users\wolph\source\repos\LA-Controller\LA-Controller\LA-Controller\Controller.cpp(43,28): warning C4273: 'la::Controller::getEvent' : liaison DLL incohérente
  (compiler le fichier source '/Controller.cpp')
      C:\Users\wolph\source\repos\LA-Controller\LA-Controller\Packages\LA-Controller\Controller.h(116,10):
      voir la définition précédente de « la::Controller::getEvent »
  
C:\Users\wolph\source\repos\LA-Controller\LA-Controller\LA-Controller\Controller.cpp(47,37): warning C4273: 'la::Controller::getIdentification' : liaison DLL incohérente
  (compiler le fichier source '/Controller.cpp')
      C:\Users\wolph\source\repos\LA-Controller\LA-Controller\Packages\LA-Controller\Controller.h(117,19):
      voir la définition précédente de « la::Controller::getIdentification »
  
C:\Users\wolph\source\repos\LA-Controller\LA-Controller\LA-Controller\Controller.cpp(51,33): warning C4273: 'la::Controller::getProperties' : liaison DLL incohérente
  (compiler le fichier source '/Controller.cpp')
      C:\Users\wolph\source\repos\LA-Controller\LA-Controller\Packages\LA-Controller\Controller.h(118,15):
      voir la définition précédente de « la::Controller::getProperties »
  
C:\Users\wolph\source\repos\LA-Controller\LA-Controller\LA-Controller\Controller.cpp(55,22): warning C4273: 'la::Controller::isConnected' : liaison DLL incohérente
  (compiler le fichier source '/Controller.cpp')
      C:\Users\wolph\source\repos\LA-Controller\LA-Controller\Packages\LA-Controller\Controller.h(120,22):
      voir la définition précédente de « la::Controller::isConnected »
  
C:\Users\wolph\source\repos\LA-Controller\LA-Controller\LA-Controller\Controller.cpp(59,22): warning C4273: 'la::Controller::hasAudioOutput' : liaison DLL incohérente
  (compiler le fichier source '/Controller.cpp')
      C:\Users\wolph\source\repos\LA-Controller\LA-Controller\Packages\LA-Controller\Controller.h(121,22):
      voir la définition précédente de « la::Controller::hasAudioOutput »
  
C:\Users\wolph\source\repos\LA-Controller\LA-Controller\LA-Controller\Controller.cpp(63,22): warning C4273: 'la::Controller::isDualSense' : liaison DLL incohérente
  (compiler le fichier source '/Controller.cpp')
      C:\Users\wolph\source\repos\LA-Controller\LA-Controller\Packages\LA-Controller\Controller.h(124,22):
      voir la définition précédente de « la::Controller::isDualSense »
  
C:\Users\wolph\source\repos\LA-Controller\LA-Controller\LA-Controller\Controller.cpp(67,22): warning C4273: 'la::Controller::isXboxController' : liaison DLL incohérente
  (compiler le fichier source '/Controller.cpp')
      C:\Users\wolph\source\repos\LA-Controller\LA-Controller\Packages\LA-Controller\Controller.h(125,22):
      voir la définition précédente de « la::Controller::isXboxController »
  
C:\Users\wolph\source\repos\LA-Controller\LA-Controller\LA-Controller\Controller.cpp(71,22): warning C4273: 'la::Controller::connectController' : liaison DLL incohérente
  (compiler le fichier source '/Controller.cpp')
      C:\Users\wolph\source\repos\LA-Controller\LA-Controller\Packages\LA-Controller\Controller.h(94,8):
      voir la définition précédente de « la::Controller::connectController »
  
C:\Users\wolph\source\repos\LA-Controller\LA-Controller\LA-Controller\Controller.cpp(104,22): warning C4273: 'la::Controller::autoDetectAndConnect' : liaison DLL incohérente
  (compiler le fichier source '/Controller.cpp')
      C:\Users\wolph\source\repos\LA-Controller\LA-Controller\Packages\LA-Controller\Controller.h(95,8):
      voir la définition précédente de « la::Controller::autoDetectAndConnect »
  
C:\Users\wolph\source\repos\LA-Controller\LA-Controller\LA-Controller\Controller.cpp(108,22): warning C4273: 'la::Controller::disconnectController' : liaison DLL incohérente
  (compiler le fichier source '/Controller.cpp')
      C:\Users\wolph\source\repos\LA-Controller\LA-Controller\Packages\LA-Controller\Controller.h(96,8):
      voir la définition précédente de « la::Controller::disconnectController »
  
C:\Users\wolph\source\repos\LA-Controller\LA-Controller\LA-Controller\Controller.cpp(118,22): warning C4273: 'la::Properties::hasAudioOutput' : liaison DLL incohérente
  (compiler le fichier source '/Controller.cpp')
      C:\Users\wolph\source\repos\LA-Controller\LA-Controller\Packages\LA-Controller\Controller.h(55,22):
      voir la définition précédente de « la::Properties::hasAudioOutput »
  
C:\Users\wolph\source\repos\LA-Controller\LA-Controller\LA-Controller\Controller.cpp(122,22): warning C4273: 'la::Properties::hasMicrophone' : liaison DLL incohérente
  (compiler le fichier source '/Controller.cpp')
      C:\Users\wolph\source\repos\LA-Controller\LA-Controller\Packages\LA-Controller\Controller.h(56,22):
      voir la définition précédente de « la::Properties::hasMicrophone »
  
C:\Users\wolph\source\repos\LA-Controller\LA-Controller\LA-Controller\Controller.cpp(126,22): warning C4273: 'la::Properties::hasGyroscope' : liaison DLL incohérente
  (compiler le fichier source '/Controller.cpp')
      C:\Users\wolph\source\repos\LA-Controller\LA-Controller\Packages\LA-Controller\Controller.h(59,22):
      voir la définition précédente de « la::Properties::hasGyroscope »
  
C:\Users\wolph\source\repos\LA-Controller\LA-Controller\LA-Controller\Controller.cpp(130,22): warning C4273: 'la::Properties::hasTouchPad' : liaison DLL incohérente
  (compiler le fichier source '/Controller.cpp')
      C:\Users\wolph\source\repos\LA-Controller\LA-Controller\Packages\LA-Controller\Controller.h(60,22):
      voir la définition précédente de « la::Properties::hasTouchPad »
  
C:\Users\wolph\source\repos\LA-Controller\LA-Controller\LA-Controller\Controller.cpp(134,22): warning C4273: 'la::Properties::hasLED' : liaison DLL incohérente
  (compiler le fichier source '/Controller.cpp')
      C:\Users\wolph\source\repos\LA-Controller\LA-Controller\Packages\LA-Controller\Controller.h(63,22):
      voir la définition précédente de « la::Properties::hasLED »
  
C:\Users\wolph\source\repos\LA-Controller\LA-Controller\LA-Controller\Controller.cpp(138,22): warning C4273: 'la::Properties::setLedColor' : liaison DLL incohérente
  (compiler le fichier source '/Controller.cpp')
      C:\Users\wolph\source\repos\LA-Controller\LA-Controller\Packages\LA-Controller\Controller.h(64,8):
      voir la définition précédente de « la::Properties::setLedColor »
  
C:\Users\wolph\source\repos\LA-Controller\LA-Controller\LA-Controller\Controller.cpp(142,22): warning C4273: 'la::Properties::hasPaddles' : liaison DLL incohérente
  (compiler le fichier source '/Controller.cpp')
      C:\Users\wolph\source\repos\LA-Controller\LA-Controller\Packages\LA-Controller\Controller.h(67,22):
      voir la définition précédente de « la::Properties::hasPaddles »
  
C:\Users\wolph\source\repos\LA-Controller\LA-Controller\LA-Controller\Controller.cpp(146,30): warning C4273: 'la::Properties::getPaddlesCount' : liaison DLL incohérente
  (compiler le fichier source '/Controller.cpp')
      C:\Users\wolph\source\repos\LA-Controller\LA-Controller\Packages\LA-Controller\Controller.h(68,16):
      voir la définition précédente de « la::Properties::getPaddlesCount »
  
C:\Users\wolph\source\repos\LA-Controller\LA-Controller\LA-Controller\Controller.cpp(152,22): warning C4273: 'la::Controller::vibrate' : liaison DLL incohérente
  (compiler le fichier source '/Controller.cpp')
      C:\Users\wolph\source\repos\LA-Controller\LA-Controller\Packages\LA-Controller\Controller.h(127,8):
      voir la définition précédente de « la::Controller::vibrate »
  
C:\Users\wolph\source\repos\LA-Controller\LA-Controller\LA-Controller\Controller.cpp(156,22): warning C4273: 'la::Controller::vibrateWithIntensity' : liaison DLL incohérente
  (compiler le fichier source '/Controller.cpp')
      C:\Users\wolph\source\repos\LA-Controller\LA-Controller\Packages\LA-Controller\Controller.h(128,8):
      voir la définition précédente de « la::Controller::vibrateWithIntensity »
  
C:\Users\wolph\source\repos\LA-Controller\LA-Controller\LA-Controller\Controller.cpp(176,22): warning C4273: 'la::Controller::stopVibration' : liaison DLL incohérente
  (compiler le fichier source '/Controller.cpp')
      C:\Users\wolph\source\repos\LA-Controller\LA-Controller\Packages\LA-Controller\Controller.h(129,8):
      voir la définition précédente de « la::Controller::stopVibration »
  
C:\Users\wolph\source\repos\LA-Controller\LA-Controller\LA-Controller\Controller.cpp(186,22): warning C4273: 'la::Controller::getIsVibrating' : liaison DLL incohérente
  (compiler le fichier source '/Controller.cpp')
      C:\Users\wolph\source\repos\LA-Controller\LA-Controller\Packages\LA-Controller\Controller.h(130,8):
      voir la définition précédente de « la::Controller::getIsVibrating »
  
C:\Users\wolph\source\repos\LA-Controller\LA-Controller\LA-Controller\Controller.cpp(190,22): warning C4273: 'la::Controller::vibrationWorker' : liaison DLL incohérente
  (compiler le fichier source '/Controller.cpp')
      C:\Users\wolph\source\repos\LA-Controller\LA-Controller\Packages\LA-Controller\Controller.h(137,8):
      voir la définition précédente de « la::Controller::vibrationWorker »
  
C:\Users\wolph\source\repos\LA-Controller\LA-Controller\LA-Controller\Controller.cpp(210,22): warning C4273: 'la::Controller::sendVibrationData' : liaison DLL incohérente
  (compiler le fichier source '/Controller.cpp')
      C:\Users\wolph\source\repos\LA-Controller\LA-Controller\Packages\LA-Controller\Controller.h(136,8):
      voir la définition précédente de « la::Controller::sendVibrationData »
  
C:\Users\wolph\source\repos\LA-Controller\LA-Controller\LA-Controller\Controller.cpp(252,22): warning C4273: 'la::Controller::updateInputs' : liaison DLL incohérente
  (compiler le fichier source '/Controller.cpp')
      C:\Users\wolph\source\repos\LA-Controller\LA-Controller\Packages\LA-Controller\Controller.h(133,8):
      voir la définition précédente de « la::Controller::updateInputs »
  
  Génération de code en cours...
  LA-Controller.vcxproj -> C:\Users\wolph\source\repos\LA-Controller\LA-Controller\x64\Debug\LA-Controller.dll
