  Button.cpp
C:\Users\wolph\source\repos\LA-Controller\LA-Controller\Identification.h(12,15): warning C4251: « la::Identification::name ’ : « std::basic_string<char,std::char_traits<char>,std::allocator<char>> » doit avoir dll-interface pour être utilisé par les clients de « la::Identification »
  (compiler le fichier source '/Button.cpp')
      C:\Program Files\Microsoft Visual Studio\2022\Community\VC\Tools\MSVC\14.44.35207\include\xstring(541,7):
      voir la déclaration de 'std::basic_string<char,std::char_traits<char>,std::allocator<char>>'
  
C:\Users\wolph\source\repos\LA-Controller\LA-Controller\Controller.h(86,21): warning C4251: « la::Controller::isVibrating ’ : « std::atomic<bool> » doit avoir dll-interface pour être utilisé par les clients de « la::Controller »
  (compiler le fichier source '/Button.cpp')
      C:\Program Files\Microsoft Visual Studio\2022\Community\VC\Tools\MSVC\14.44.35207\include\atomic(2131,8):
      voir la déclaration de 'std::atomic<bool>'
  
C:\Users\wolph\source\repos\LA-Controller\LA-Controller\Controller.h(87,15): warning C4251: « la::Controller::vibrationThread ’ : « std::thread » doit avoir dll-interface pour être utilisé par les clients de « la::Controller »
  (compiler le fichier source '/Button.cpp')
      C:\Program Files\Microsoft Visual Studio\2022\Community\VC\Tools\MSVC\14.44.35207\include\thread(42,19):
      voir la déclaration de 'std::thread'
  
C:\Users\wolph\source\repos\LA-Controller\LA-Controller\Controller.h(106,10): error C3646: 'button' : spécificateur de substitution inconnu
  (compiler le fichier source '/Button.cpp')
  
C:\Users\wolph\source\repos\LA-Controller\LA-Controller\Controller.h(106,3): error C4430: spécificateur de type manquant - int est pris en compte par défaut. Remarque : C++ ne prend pas en charge int par défaut
  (compiler le fichier source '/Button.cpp')
  
C:\Users\wolph\source\repos\LA-Controller\LA-Controller\Button.cpp(7,13): warning C4273: 'la::Button::Button' : liaison DLL incohérente
  (compiler le fichier source '/Button.cpp')
      C:\Users\wolph\source\repos\LA-Controller\LA-Controller\Button.h(17,9):
      voir la définition précédente de « la::Button::Button »
  
C:\Users\wolph\source\repos\LA-Controller\LA-Controller\Button.cpp(14,18): warning C4273: 'la::Button::isPressed' : liaison DLL incohérente
  (compiler le fichier source '/Button.cpp')
      C:\Users\wolph\source\repos\LA-Controller\LA-Controller\Button.h(20,28):
      voir la définition précédente de « la::Button::isPressed »
  
C:\Users\wolph\source\repos\LA-Controller\LA-Controller\Button.cpp(31,18): warning C4273: 'la::Button::isPressed' : liaison DLL incohérente
  (compiler le fichier source '/Button.cpp')
      C:\Users\wolph\source\repos\LA-Controller\LA-Controller\Button.h(21,28):
      voir la définition précédente de « la::Button::isPressed »
  
C:\Users\wolph\source\repos\LA-Controller\LA-Controller\Button.cpp(48,18): warning C4273: 'la::Button::updateButtonStates' : liaison DLL incohérente
  (compiler le fichier source '/Button.cpp')
      C:\Users\wolph\source\repos\LA-Controller\LA-Controller\Button.h(24,14):
      voir la définition précédente de « la::Button::updateButtonStates »
  
C:\Users\wolph\source\repos\LA-Controller\LA-Controller\Button.cpp(61,18): warning C4273: 'la::Button::readHIDButtonData' : liaison DLL incohérente
  (compiler le fichier source '/Button.cpp')
      C:\Users\wolph\source\repos\LA-Controller\LA-Controller\Button.h(28,14):
      voir la définition précédente de « la::Button::readHIDButtonData »
  
  Controller.cpp
C:\Users\wolph\source\repos\LA-Controller\LA-Controller\Identification.h(12,15): warning C4251: « la::Identification::name ’ : « std::basic_string<char,std::char_traits<char>,std::allocator<char>> » doit avoir dll-interface pour être utilisé par les clients de « la::Identification »
  (compiler le fichier source '/Controller.cpp')
      C:\Program Files\Microsoft Visual Studio\2022\Community\VC\Tools\MSVC\14.44.35207\include\xstring(541,7):
      voir la déclaration de 'std::basic_string<char,std::char_traits<char>,std::allocator<char>>'
  
C:\Users\wolph\source\repos\LA-Controller\LA-Controller\Button.h(10,20): error C2143: erreur de syntaxe : absence de ';' avant '*'
  (compiler le fichier source '/Controller.cpp')
  
C:\Users\wolph\source\repos\LA-Controller\LA-Controller\Button.h(10,9): error C4430: spécificateur de type manquant - int est pris en compte par défaut. Remarque : C++ ne prend pas en charge int par défaut
  (compiler le fichier source '/Controller.cpp')
  
C:\Users\wolph\source\repos\LA-Controller\LA-Controller\Button.h(10,27): error C2238: jetons inattendus avant ';'
  (compiler le fichier source '/Controller.cpp')
  
C:\Users\wolph\source\repos\LA-Controller\LA-Controller\Button.h(17,16): error C2061: erreur de syntaxe : identificateur 'Controller'
  (compiler le fichier source '/Controller.cpp')
  
C:\Users\wolph\source\repos\LA-Controller\LA-Controller\Controller.h(86,21): warning C4251: « la::Controller::isVibrating ’ : « std::atomic<bool> » doit avoir dll-interface pour être utilisé par les clients de « la::Controller »
  (compiler le fichier source '/Controller.cpp')
      C:\Program Files\Microsoft Visual Studio\2022\Community\VC\Tools\MSVC\14.44.35207\include\atomic(2131,8):
      voir la déclaration de 'std::atomic<bool>'
  
C:\Users\wolph\source\repos\LA-Controller\LA-Controller\Controller.h(87,15): warning C4251: « la::Controller::vibrationThread ’ : « std::thread » doit avoir dll-interface pour être utilisé par les clients de « la::Controller »
  (compiler le fichier source '/Controller.cpp')
      C:\Program Files\Microsoft Visual Studio\2022\Community\VC\Tools\MSVC\14.44.35207\include\thread(42,19):
      voir la déclaration de 'std::thread'
  
C:\Users\wolph\source\repos\LA-Controller\LA-Controller\Controller.cpp(13,17): warning C4273: 'la::Controller::Controller' : liaison DLL incohérente
  (compiler le fichier source '/Controller.cpp')
      C:\Users\wolph\source\repos\LA-Controller\LA-Controller\Controller.h(91,3):
      voir la définition précédente de « la::Controller::Controller »
  
C:\Users\wolph\source\repos\LA-Controller\LA-Controller\Controller.cpp(14,20): error C2440: '<function-style-cast>' : impossible de convertir de 'la::Controller *' en 'la::Button'
  (compiler le fichier source '/Controller.cpp')
      C:\Users\wolph\source\repos\LA-Controller\LA-Controller\Controller.cpp(14,20):
      'la::Button::Button' : aucune fonction surchargée n’a pu convertir tous les types d’arguments.
          C:\Users\wolph\source\repos\LA-Controller\LA-Controller\Button.h(29,5):
          est peut-être 'la::Button::Button(la::Button &&)'
              C:\Users\wolph\source\repos\LA-Controller\LA-Controller\Controller.cpp(14,20):
              'la::Button::Button(la::Button &&)' : impossible de convertir l'argument 1 de 'la::Controller *' en 'la::Button &&'
                  C:\Users\wolph\source\repos\LA-Controller\LA-Controller\Controller.cpp(14,21):
                  Raison : impossible de convertir de 'la::Controller *' en 'la::Button'
          C:\Users\wolph\source\repos\LA-Controller\LA-Controller\Button.h(29,5):
          ou       'la::Button::Button(const la::Button &)'
              C:\Users\wolph\source\repos\LA-Controller\LA-Controller\Controller.cpp(14,20):
              'la::Button::Button(const la::Button &)' : impossible de convertir l'argument 1 de 'la::Controller *' en 'const la::Button &'
                  C:\Users\wolph\source\repos\LA-Controller\LA-Controller\Controller.cpp(14,21):
                  Raison : impossible de convertir de 'la::Controller *' en 'const la::Button'
          C:\Users\wolph\source\repos\LA-Controller\LA-Controller\Controller.cpp(14,20):
          lors de la tentative de mise en correspondance de la liste des arguments '(la::Controller *)'
  
C:\Users\wolph\source\repos\LA-Controller\LA-Controller\Controller.cpp(17,18): warning C4273: 'la::Controller::~Controller' : liaison DLL incohérente
  (compiler le fichier source '/Controller.cpp')
      C:\Users\wolph\source\repos\LA-Controller\LA-Controller\Controller.h(92,4):
      voir la définition précédente de « la::Controller::~Controller »
  
C:\Users\wolph\source\repos\LA-Controller\LA-Controller\Controller.cpp(22,29): warning C4273: 'la::Controller::getControllerName' : liaison DLL incohérente
  (compiler le fichier source '/Controller.cpp')
      C:\Users\wolph\source\repos\LA-Controller\LA-Controller\Controller.h(100,15):
      voir la définition précédente de « la::Controller::getControllerName »
  
C:\Users\wolph\source\repos\LA-Controller\LA-Controller\Controller.cpp(26,30): warning C4273: 'la::Controller::getVendorID' : liaison DLL incohérente
  (compiler le fichier source '/Controller.cpp')
      C:\Users\wolph\source\repos\LA-Controller\LA-Controller\Controller.h(101,16):
      voir la définition précédente de « la::Controller::getVendorID »
  
C:\Users\wolph\source\repos\LA-Controller\LA-Controller\Controller.cpp(30,30): warning C4273: 'la::Controller::getProductID' : liaison DLL incohérente
  (compiler le fichier source '/Controller.cpp')
      C:\Users\wolph\source\repos\LA-Controller\LA-Controller\Controller.h(102,16):
      voir la définition précédente de « la::Controller::getProductID »
  
C:\Users\wolph\source\repos\LA-Controller\LA-Controller\Controller.cpp(34,32): warning C4273: 'la::Controller::getSerialNumber' : liaison DLL incohérente
  (compiler le fichier source '/Controller.cpp')
      C:\Users\wolph\source\repos\LA-Controller\LA-Controller\Controller.h(103,18):
      voir la définition précédente de « la::Controller::getSerialNumber »
  
C:\Users\wolph\source\repos\LA-Controller\LA-Controller\Controller.cpp(38,28): warning C4273: 'la::Controller::getEvent' : liaison DLL incohérente
  (compiler le fichier source '/Controller.cpp')
      C:\Users\wolph\source\repos\LA-Controller\LA-Controller\Controller.h(117,10):
      voir la définition précédente de « la::Controller::getEvent »
  
C:\Users\wolph\source\repos\LA-Controller\LA-Controller\Controller.cpp(42,37): warning C4273: 'la::Controller::getIdentification' : liaison DLL incohérente
  (compiler le fichier source '/Controller.cpp')
      C:\Users\wolph\source\repos\LA-Controller\LA-Controller\Controller.h(118,19):
      voir la définition précédente de « la::Controller::getIdentification »
  
C:\Users\wolph\source\repos\LA-Controller\LA-Controller\Controller.cpp(46,33): warning C4273: 'la::Controller::getProperties' : liaison DLL incohérente
  (compiler le fichier source '/Controller.cpp')
      C:\Users\wolph\source\repos\LA-Controller\LA-Controller\Controller.h(119,15):
      voir la définition précédente de « la::Controller::getProperties »
  
C:\Users\wolph\source\repos\LA-Controller\LA-Controller\Controller.cpp(50,22): warning C4273: 'la::Controller::isConnected' : liaison DLL incohérente
  (compiler le fichier source '/Controller.cpp')
      C:\Users\wolph\source\repos\LA-Controller\LA-Controller\Controller.h(121,22):
      voir la définition précédente de « la::Controller::isConnected »
  
C:\Users\wolph\source\repos\LA-Controller\LA-Controller\Controller.cpp(54,22): warning C4273: 'la::Controller::hasAudioOutput' : liaison DLL incohérente
  (compiler le fichier source '/Controller.cpp')
      C:\Users\wolph\source\repos\LA-Controller\LA-Controller\Controller.h(122,22):
      voir la définition précédente de « la::Controller::hasAudioOutput »
  
C:\Users\wolph\source\repos\LA-Controller\LA-Controller\Controller.cpp(58,22): warning C4273: 'la::Controller::isDualSense' : liaison DLL incohérente
  (compiler le fichier source '/Controller.cpp')
      C:\Users\wolph\source\repos\LA-Controller\LA-Controller\Controller.h(125,22):
      voir la définition précédente de « la::Controller::isDualSense »
  
C:\Users\wolph\source\repos\LA-Controller\LA-Controller\Controller.cpp(62,22): warning C4273: 'la::Controller::isXboxController' : liaison DLL incohérente
  (compiler le fichier source '/Controller.cpp')
      C:\Users\wolph\source\repos\LA-Controller\LA-Controller\Controller.h(126,22):
      voir la définition précédente de « la::Controller::isXboxController »
  
C:\Users\wolph\source\repos\LA-Controller\LA-Controller\Controller.cpp(66,22): warning C4273: 'la::Controller::connectController' : liaison DLL incohérente
  (compiler le fichier source '/Controller.cpp')
      C:\Users\wolph\source\repos\LA-Controller\LA-Controller\Controller.h(95,8):
      voir la définition précédente de « la::Controller::connectController »
  
C:\Users\wolph\source\repos\LA-Controller\LA-Controller\Controller.cpp(99,22): warning C4273: 'la::Controller::autoDetectAndConnect' : liaison DLL incohérente
  (compiler le fichier source '/Controller.cpp')
      C:\Users\wolph\source\repos\LA-Controller\LA-Controller\Controller.h(96,8):
      voir la définition précédente de « la::Controller::autoDetectAndConnect »
  
C:\Users\wolph\source\repos\LA-Controller\LA-Controller\Controller.cpp(103,22): warning C4273: 'la::Controller::disconnectController' : liaison DLL incohérente
  (compiler le fichier source '/Controller.cpp')
      C:\Users\wolph\source\repos\LA-Controller\LA-Controller\Controller.h(97,8):
      voir la définition précédente de « la::Controller::disconnectController »
  
C:\Users\wolph\source\repos\LA-Controller\LA-Controller\Controller.cpp(113,22): warning C4273: 'la::Properties::hasAudioOutput' : liaison DLL incohérente
  (compiler le fichier source '/Controller.cpp')
      C:\Users\wolph\source\repos\LA-Controller\LA-Controller\Controller.h(56,22):
      voir la définition précédente de « la::Properties::hasAudioOutput »
  
C:\Users\wolph\source\repos\LA-Controller\LA-Controller\Controller.cpp(117,22): warning C4273: 'la::Properties::hasMicrophone' : liaison DLL incohérente
  (compiler le fichier source '/Controller.cpp')
      C:\Users\wolph\source\repos\LA-Controller\LA-Controller\Controller.h(57,22):
      voir la définition précédente de « la::Properties::hasMicrophone »
  
C:\Users\wolph\source\repos\LA-Controller\LA-Controller\Controller.cpp(121,22): warning C4273: 'la::Properties::hasGyroscope' : liaison DLL incohérente
  (compiler le fichier source '/Controller.cpp')
      C:\Users\wolph\source\repos\LA-Controller\LA-Controller\Controller.h(60,22):
      voir la définition précédente de « la::Properties::hasGyroscope »
  
C:\Users\wolph\source\repos\LA-Controller\LA-Controller\Controller.cpp(125,22): warning C4273: 'la::Properties::hasTouchPad' : liaison DLL incohérente
  (compiler le fichier source '/Controller.cpp')
      C:\Users\wolph\source\repos\LA-Controller\LA-Controller\Controller.h(61,22):
      voir la définition précédente de « la::Properties::hasTouchPad »
  
C:\Users\wolph\source\repos\LA-Controller\LA-Controller\Controller.cpp(129,22): warning C4273: 'la::Properties::hasLED' : liaison DLL incohérente
  (compiler le fichier source '/Controller.cpp')
      C:\Users\wolph\source\repos\LA-Controller\LA-Controller\Controller.h(64,22):
      voir la définition précédente de « la::Properties::hasLED »
  
C:\Users\wolph\source\repos\LA-Controller\LA-Controller\Controller.cpp(133,22): warning C4273: 'la::Properties::setLedColor' : liaison DLL incohérente
  (compiler le fichier source '/Controller.cpp')
      C:\Users\wolph\source\repos\LA-Controller\LA-Controller\Controller.h(65,8):
      voir la définition précédente de « la::Properties::setLedColor »
  
C:\Users\wolph\source\repos\LA-Controller\LA-Controller\Controller.cpp(137,22): warning C4273: 'la::Properties::hasPaddles' : liaison DLL incohérente
  (compiler le fichier source '/Controller.cpp')
      C:\Users\wolph\source\repos\LA-Controller\LA-Controller\Controller.h(68,22):
      voir la définition précédente de « la::Properties::hasPaddles »
  
C:\Users\wolph\source\repos\LA-Controller\LA-Controller\Controller.cpp(141,30): warning C4273: 'la::Properties::getPaddlesCount' : liaison DLL incohérente
  (compiler le fichier source '/Controller.cpp')
      C:\Users\wolph\source\repos\LA-Controller\LA-Controller\Controller.h(69,16):
      voir la définition précédente de « la::Properties::getPaddlesCount »
  
C:\Users\wolph\source\repos\LA-Controller\LA-Controller\Controller.cpp(147,22): warning C4273: 'la::Controller::vibrate' : liaison DLL incohérente
  (compiler le fichier source '/Controller.cpp')
      C:\Users\wolph\source\repos\LA-Controller\LA-Controller\Controller.h(128,8):
      voir la définition précédente de « la::Controller::vibrate »
  
C:\Users\wolph\source\repos\LA-Controller\LA-Controller\Controller.cpp(151,22): warning C4273: 'la::Controller::vibrateWithIntensity' : liaison DLL incohérente
  (compiler le fichier source '/Controller.cpp')
      C:\Users\wolph\source\repos\LA-Controller\LA-Controller\Controller.h(129,8):
      voir la définition précédente de « la::Controller::vibrateWithIntensity »
  
C:\Users\wolph\source\repos\LA-Controller\LA-Controller\Controller.cpp(171,22): warning C4273: 'la::Controller::stopVibration' : liaison DLL incohérente
  (compiler le fichier source '/Controller.cpp')
      C:\Users\wolph\source\repos\LA-Controller\LA-Controller\Controller.h(130,8):
      voir la définition précédente de « la::Controller::stopVibration »
  
C:\Users\wolph\source\repos\LA-Controller\LA-Controller\Controller.cpp(181,22): warning C4273: 'la::Controller::getIsVibrating' : liaison DLL incohérente
  (compiler le fichier source '/Controller.cpp')
      C:\Users\wolph\source\repos\LA-Controller\LA-Controller\Controller.h(131,8):
      voir la définition précédente de « la::Controller::getIsVibrating »
  
C:\Users\wolph\source\repos\LA-Controller\LA-Controller\Controller.cpp(185,22): warning C4273: 'la::Controller::vibrationWorker' : liaison DLL incohérente
  (compiler le fichier source '/Controller.cpp')
      C:\Users\wolph\source\repos\LA-Controller\LA-Controller\Controller.h(138,8):
      voir la définition précédente de « la::Controller::vibrationWorker »
  
C:\Users\wolph\source\repos\LA-Controller\LA-Controller\Controller.cpp(205,22): warning C4273: 'la::Controller::sendVibrationData' : liaison DLL incohérente
  (compiler le fichier source '/Controller.cpp')
      C:\Users\wolph\source\repos\LA-Controller\LA-Controller\Controller.h(137,8):
      voir la définition précédente de « la::Controller::sendVibrationData »
  
C:\Users\wolph\source\repos\LA-Controller\LA-Controller\Controller.cpp(247,22): warning C4273: 'la::Controller::updateInputs' : liaison DLL incohérente
  (compiler le fichier source '/Controller.cpp')
      C:\Users\wolph\source\repos\LA-Controller\LA-Controller\Controller.h(134,8):
      voir la définition précédente de « la::Controller::updateInputs »
  
  Génération de code en cours...
